#-----------------------------------------------------------
# Vivado v2016.3 (64-bit)
# SW Build 1682563 on Mon Oct 10 19:07:27 MDT 2016
# IP Build 1681267 on Mon Oct 10 21:28:31 MDT 2016
# Start of session at: Tue Apr 18 18:24:05 2017
# Process ID: 11032
# Current directory: C:/Users/aceralon/Documents/GitHub/CPU
# Command line: vivado.exe -gui_launcher_event rodinguilauncherevent15396 C:\Users\aceralon\Documents\GitHub\CPU\CPU.xpr
# Log file: C:/Users/aceralon/Documents/GitHub/CPU/vivado.log
# Journal file: C:/Users/aceralon/Documents/GitHub/CPU\vivado.jou
#-----------------------------------------------------------
start_gui
open_project C:/Users/aceralon/Documents/GitHub/CPU/CPU.xpr
INFO: [Project 1-313] Project file moved from 'C:/Users/acera/Documents/GitHub/CPU' since last save.
Scanning sources...
Finished scanning sources
WARNING: [filemgmt 56-2] IP Output Repository Path: Could not find the directory 'C:/Users/aceralon/Documents/GitHub/CPU/CPU.cache/ip', nor could it be found using path 'C:/Users/acera/Documents/GitHub/CPU/CPU.cache/ip'.
WARNING: [filemgmt 56-2] IPUserFilesDir: Could not find the directory 'C:/Users/aceralon/Documents/GitHub/CPU/CPU.ip_user_files', nor could it be found using path 'C:/Users/acera/Documents/GitHub/CPU/CPU.ip_user_files'.
INFO: [IP_Flow 19-234] Refreshing IP repositories
INFO: [IP_Flow 19-1704] No user IP repositories specified
INFO: [IP_Flow 19-2313] Loaded Vivado IP repository 'C:/Xilinx/Vivado/2016.3/data/ip'.
close_project
****** Webtalk v2016.3 (64-bit)
  **** SW Build 1682563 on Mon Oct 10 19:07:27 MDT 2016
  **** IP Build 1681267 on Mon Oct 10 21:28:31 MDT 2016
    ** Copyright 1986-2016 Xilinx, Inc. All Rights Reserved.

source C:/Users/aceralon/Documents/GitHub/CPU/CPU.hw/webtalk/labtool_webtalk.tcl -notrace
INFO: [Common 17-186] 'C:/Users/aceralon/Documents/GitHub/CPU/CPU.hw/webtalk/usage_statistics_ext_labtool.xml' has been successfully sent to Xilinx on Tue Apr 18 18:28:49 2017. For additional details about this file, please refer to the WebTalk help file at C:/Xilinx/Vivado/2016.3/doc/webtalk_introduction.html.
INFO: [Common 17-206] Exiting Webtalk at Tue Apr 18 18:28:49 2017...
exit
INFO: [Common 17-206] Exiting Vivado at Tue Apr 18 18:31:06 2017...
