Copyright 1986-2017 Xilinx, Inc. All Rights Reserved.
------------------------------------------------------------------------------------
| Tool Version : Vivado v.2017.1 (win64) Build 1846317 Fri Apr 14 18:55:03 MDT 2017
| Date         : Tue Apr 25 13:26:58 2017
| Host         : DESKTOP-JOE running 64-bit major release  (build 9200)
| Command      : report_control_sets -verbose -file Basys_control_sets_placed.rpt
| Design       : Basys
| Device       : xc7a35ti
------------------------------------------------------------------------------------

Control Set Information

Table of Contents
-----------------
1. Summary
2. Flip-Flop Distribution
3. Detailed Control Set Information

1. Summary
----------

+----------------------------------------------------------+-------+
|                          Status                          | Count |
+----------------------------------------------------------+-------+
| Number of unique control sets                            |   129 |
| Unused register locations in slices containing registers |    14 |
+----------------------------------------------------------+-------+


2. Flip-Flop Distribution
-------------------------

+--------------+-----------------------+------------------------+-----------------+--------------+
| Clock Enable | Synchronous Set/Reset | Asynchronous Set/Reset | Total Registers | Total Slices |
+--------------+-----------------------+------------------------+-----------------+--------------+
| No           | No                    | No                     |              11 |            6 |
| No           | No                    | Yes                    |               0 |            0 |
| No           | Yes                   | No                     |              32 |            8 |
| Yes          | No                    | No                     |            2048 |          847 |
| Yes          | No                    | Yes                    |               7 |            2 |
| Yes          | Yes                   | No                     |               0 |            0 |
+--------------+-----------------------+------------------------+-----------------+--------------+


3. Detailed Control Set Information
-----------------------------------

+-----------------------+--------------------------------------+------------------+------------------+----------------+
|      Clock Signal     |             Enable Signal            | Set/Reset Signal | Slice Load Count | Bel Load Count |
+-----------------------+--------------------------------------+------------------+------------------+----------------+
|  mainClk_IBUF_BUFG    |                                      |                  |                1 |              1 |
|  myClkDiv/CLK         |                                      |                  |                2 |              2 |
|  clk_BUFG             | mySCPU/myPC/PCWre                    | myBtn/btn[0]     |                2 |              7 |
| ~clk_BUFG             | mySCPU/myPC/DataMem_reg[149][7]_0[0] |                  |                3 |              8 |
| ~clk_BUFG             | mySCPU/myPC/DataMem_reg[95][7][0]    |                  |                6 |              8 |
| ~clk_BUFG             | mySCPU/myPC/DataMem_reg[74][7]_0[0]  |                  |                5 |              8 |
| ~clk_BUFG             | mySCPU/myPC/DataMem_reg[26][7][0]    |                  |                4 |              8 |
| ~clk_BUFG             | mySCPU/myPC/DataMem_reg[9][0][0]     |                  |                2 |              8 |
| ~clk_BUFG             | mySCPU/myPC/DataMem_reg[144][7][0]   |                  |                4 |              8 |
| ~clk_BUFG             | mySCPU/myPC/DataMem_reg[27][7][0]    |                  |                2 |              8 |
| ~clk_BUFG             | mySCPU/myPC/DataMem_reg[53][0][0]    |                  |                3 |              8 |
| ~clk_BUFG             | mySCPU/myPC/DataMem_reg[31][0][0]    |                  |                2 |              8 |
| ~clk_BUFG             | mySCPU/myPC/DataMem_reg[135][7][0]   |                  |                1 |              8 |
| ~clk_BUFG             | mySCPU/myPC/DataMem_reg[174][7]_0[0] |                  |                3 |              8 |
| ~clk_BUFG             | mySCPU/myPC/DataMem_reg[51][7][0]    |                  |                4 |              8 |
| ~clk_BUFG             | mySCPU/myPC/DataMem_reg[44][7][0]    |                  |                3 |              8 |
| ~clk_BUFG             | mySCPU/myPC/DataMem_reg[37][7]_0[0]  |                  |                2 |              8 |
| ~clk_BUFG             | mySCPU/myPC/DataMem_reg[45][7]_0[0]  |                  |                3 |              8 |
| ~clk_BUFG             | mySCPU/myPC/DataMem_reg[39][7][0]    |                  |                3 |              8 |
| ~clk_BUFG             | mySCPU/myPC/DataMem_reg[18][7]_0[0]  |                  |                3 |              8 |
| ~clk_BUFG             | mySCPU/myPC/DataMem_reg[134][0][0]   |                  |                2 |              8 |
| ~clk_BUFG             | mySCPU/myPC/DataMem_reg[131][7][0]   |                  |                2 |              8 |
| ~clk_BUFG             | mySCPU/myPC/DataMem_reg[124][7]_0[0] |                  |                3 |              8 |
| ~clk_BUFG             | mySCPU/myPC/DataMem_reg[19][0][0]    |                  |                2 |              8 |
| ~clk_BUFG             | mySCPU/myPC/DataMem_reg[11][7][0]    |                  |                1 |              8 |
| ~clk_BUFG             | mySCPU/myPC/DataMem_reg[203][7][0]   |                  |                3 |              8 |
| ~clk_BUFG             | mySCPU/myPC/DataMem_reg[116][7][0]   |                  |                2 |              8 |
| ~clk_BUFG             | mySCPU/myPC/DataMem_reg[113][7]_0[0] |                  |                3 |              8 |
| ~clk_BUFG             | mySCPU/myPC/DataMem_reg[211][7][0]   |                  |                4 |              8 |
| ~clk_BUFG             | mySCPU/myPC/DataMem_reg[139][7][0]   |                  |                4 |              8 |
| ~clk_BUFG             | mySCPU/myPC/DataMem_reg[3][7][0]     |                  |                2 |              8 |
| ~clk_BUFG             | mySCPU/myPC/DataMem_reg[40][7][0]    |                  |                3 |              8 |
| ~clk_BUFG             | mySCPU/myPC/DataMem_reg[107][0][0]   |                  |                4 |              8 |
| ~clk_BUFG             | mySCPU/myPC/DataMem_reg[91][7][0]    |                  |                2 |              8 |
| ~clk_BUFG             | mySCPU/myPC/DataMem_reg[223][7][0]   |                  |                2 |              8 |
| ~clk_BUFG             | mySCPU/myPC/DataMem_reg[89][7][0]    |                  |                5 |              8 |
| ~clk_BUFG             | mySCPU/myPC/DataMem_reg[22][7]_1[0]  |                  |                3 |              8 |
| ~clk_BUFG             | mySCPU/myPC/DataMem_reg[7][0][0]     |                  |                6 |              8 |
|  myClkDiv/led_OBUF[0] |                                      |                  |                3 |              8 |
| ~clk_BUFG             | mySCPU/myPC/DataMem_reg[6][7][0]     |                  |                2 |              8 |
| ~clk_BUFG             | mySCPU/myPC/DataMem_reg[23][0][0]    |                  |                2 |              8 |
| ~clk_BUFG             | mySCPU/myPC/DataMem_reg[240][7]_0[0] |                  |                3 |              8 |
| ~clk_BUFG             | mySCPU/myPC/DataMem_reg[68][7][0]    |                  |                4 |              8 |
| ~clk_BUFG             | mySCPU/myPC/DataMem_reg[63][0][0]    |                  |                7 |              8 |
| ~clk_BUFG             | mySCPU/myPC/DataMem_reg[71][0][0]    |                  |                6 |              8 |
| ~clk_BUFG             | mySCPU/myPC/DataMem_reg[249][0][0]   |                  |                2 |              8 |
| ~clk_BUFG             | mySCPU/myPC/DataMem_reg[56][7][0]    |                  |                3 |              8 |
| ~clk_BUFG             | mySCPU/myPC/DataMem_reg[254][7][0]   |                  |                3 |              8 |
| ~clk_BUFG             | mySCPU/myPC/DataMem_reg[154][7]_0[0] |                  |                3 |              8 |
| ~clk_BUFG             | mySCPU/myPC/DataMem_reg[156][0][0]   |                  |                4 |              8 |
| ~clk_BUFG             | mySCPU/myPC/DataMem_reg[60][7][0]    |                  |                5 |              8 |
| ~clk_BUFG             | mySCPU/myPC/DataMem_reg[16][0][0]    |                  |                6 |             16 |
| ~clk_BUFG             | mySCPU/myPC/DataMem_reg[171][7][0]   |                  |                6 |             16 |
| ~clk_BUFG             | mySCPU/myPC/DataMem_reg[178][7]_0[0] |                  |                8 |             16 |
| ~clk_BUFG             | mySCPU/myPC/DataMem_reg[179][0][0]   |                  |               10 |             16 |
| ~clk_BUFG             | mySCPU/myPC/DataMem_reg[21][0][0]    |                  |                5 |             16 |
| ~clk_BUFG             | mySCPU/myPC/DataMem_reg[185][0][0]   |                  |               10 |             16 |
| ~clk_BUFG             | mySCPU/myPC/DataMem_reg[186][7]_0[0] |                  |                8 |             16 |
| ~clk_BUFG             | mySCPU/myPC/DataMem_reg[216][0][0]   |                  |                5 |             16 |
| ~clk_BUFG             | mySCPU/myPC/DataMem_reg[217][0][0]   |                  |                9 |             16 |
| ~clk_BUFG             | mySCPU/myPC/DataMem_reg[32][0][0]    |                  |                5 |             16 |
| ~clk_BUFG             | mySCPU/myPC/DataMem_reg[34][0]_0[0]  |                  |                4 |             16 |
| ~clk_BUFG             | mySCPU/myPC/DataMem_reg[38][0][0]    |                  |                5 |             16 |
| ~clk_BUFG             | mySCPU/myPC/DataMem_reg[46][0]_0[0]  |                  |               10 |             16 |
| ~clk_BUFG             | mySCPU/myPC/DataMem_reg[25][0][0]    |                  |                7 |             16 |
| ~clk_BUFG             | mySCPU/myPC/DataMem_reg[5][0][0]     |                  |                3 |             16 |
| ~clk_BUFG             | mySCPU/myPC/DataMem_reg[61][7]_0[0]  |                  |                8 |             16 |
| ~clk_BUFG             | mySCPU/myPC/DataMem_reg[69][7]_0[0]  |                  |                7 |             16 |
| ~clk_BUFG             | mySCPU/myPC/DataMem_reg[77][7]_0[0]  |                  |               12 |             16 |
| ~clk_BUFG             | mySCPU/myPC/DataMem_reg[78][0][0]    |                  |                9 |             16 |
| ~clk_BUFG             | mySCPU/myPC/DataMem_reg[85][7]_0[0]  |                  |                4 |             16 |
| ~clk_BUFG             | mySCPU/myPC/DataMem_reg[86][0][0]    |                  |                8 |             16 |
| ~clk_BUFG             | mySCPU/myPC/DataMem_reg[90][0][0]    |                  |                8 |             16 |
| ~clk_BUFG             | mySCPU/myPC/DataMem_reg[10][0][0]    |                  |                7 |             16 |
| ~clk_BUFG             | mySCPU/myPC/DataMem_reg[110][0][0]   |                  |                6 |             16 |
| ~clk_BUFG             | mySCPU/myPC/DataMem_reg[120][7]_0[0] |                  |                4 |             16 |
| ~clk_BUFG             | mySCPU/myPC/DataMem_reg[121][0][0]   |                  |                8 |             16 |
| ~clk_BUFG             | mySCPU/myPC/DataMem_reg[132][0][0]   |                  |                7 |             16 |
| ~clk_BUFG             | mySCPU/myPC/DataMem_reg[111][7][0]   |                  |                7 |             16 |
| ~clk_BUFG             | mySCPU/myPC/DataMem_reg[14][7]_0[0]  |                  |                6 |             16 |
| ~clk_BUFG             | mySCPU/myPC/DataMem_reg[96][0][0]    |                  |                8 |             16 |
| ~clk_BUFG             | mySCPU/myPC/DataMem_reg[99][0][0]    |                  |                8 |             16 |
| ~clk_BUFG             | mySCPU/myPC/DataMem_reg[15][0][0]    |                  |                5 |             16 |
| ~clk_BUFG             | mySCPU/myPC/DataMem_reg[161][7][0]   |                  |                3 |             16 |
| ~clk_BUFG             | mySCPU/myPC/DataMem_reg[163][0][0]   |                  |                7 |             16 |
| ~clk_BUFG             | mySCPU/myPC/DataMem_reg[169][0][0]   |                  |                8 |             16 |
| ~clk_BUFG             | mySCPU/myPC/DataMem_reg[248][0][0]   |                  |               12 |             24 |
| ~clk_BUFG             | mySCPU/myPC/DataMem_reg[117][0][0]   |                  |               11 |             24 |
| ~clk_BUFG             | mySCPU/myPC/DataMem_reg[28][7]_0[0]  |                  |               11 |             24 |
| ~clk_BUFG             | mySCPU/myPC/DataMem_reg[220][0][0]   |                  |                6 |             24 |
| ~clk_BUFG             | mySCPU/myPC/DataMem_reg[173][7]_0[0] |                  |                8 |             24 |
| ~clk_BUFG             | mySCPU/myPC/DataMem_reg[57][0][0]    |                  |               10 |             24 |
| ~clk_BUFG             | mySCPU/myPC/DataMem_reg[106][7]_0[0] |                  |                8 |             24 |
| ~clk_BUFG             | mySCPU/myPC/DataMem_reg[200][0][0]   |                  |               11 |             24 |
| ~clk_BUFG             | mySCPU/myPC/DataMem_reg[243][0][0]   |                  |                9 |             24 |
| ~clk_BUFG             | mySCPU/myPC/DataMem_reg[54][7]_0[0]  |                  |                8 |             24 |
| ~clk_BUFG             | mySCPU/myPC/DataMem_reg[128][0][0]   |                  |                6 |             24 |
| ~clk_BUFG             | mySCPU/myPC/DataMem_reg[208][0][0]   |                  |                7 |             24 |
| ~clk_BUFG             | mySCPU/myPC/DataMem_reg[115][0][0]   |                  |               12 |             24 |
| ~clk_BUFG             | mySCPU/myPC/DataMem_reg[127][0][0]   |                  |               12 |             24 |
| ~clk_BUFG             | mySCPU/myPC/DataMem_reg[138][7]_0[0] |                  |                9 |             24 |
| ~clk_BUFG             | mySCPU/myPC/E[0]                     |                  |                7 |             24 |
| ~clk_BUFG             | mySCPU/myPC/DataMem_reg[146][7]_0[0] |                  |                8 |             24 |
| ~clk_BUFG             | mySCPU/myPC/DataMem_reg[94][0][0]    |                  |                6 |             24 |
| ~clk_BUFG             | mySCPU/myPC/DataMem_reg[72][0][0]    |                  |               13 |             24 |
| ~clk_BUFG             | mySCPU/myPC/DataMem_reg[150][7]_0[0] |                  |               12 |             24 |
| ~clk_BUFG             | mySCPU/myPC/DataMem_reg[152][0][0]   |                  |                8 |             24 |
| ~clk_BUFG             | mySCPU/myPC/DataMem_reg[50][0][0]    |                  |                9 |             24 |
| ~clk_BUFG             | mySCPU/myPC/DataMem_reg[252][0][0]   |                  |               19 |             24 |
| ~clk_BUFG             | mySCPU/myPC/DataMem_reg[158][7]_0[0] |                  |               13 |             24 |
| ~clk_BUFG             | mySCPU/myPC/DataMem_reg[43][0][0]    |                  |               13 |             24 |
| ~clk_BUFG             | mySCPU/myPC/DataMem_reg[232][0][0]   |                  |               13 |             32 |
| ~clk_BUFG             | mySCPU/myPC/DataMem_reg[142][7][0]   |                  |                9 |             32 |
| ~clk_BUFG             | mySCPU/myPC/DataMem_reg[182][7]_0[0] |                  |               11 |             32 |
| ~clk_BUFG             | mySCPU/myPC/DataMem_reg[247][0][0]   |                  |               13 |             32 |
| ~clk_BUFG             | mySCPU/myPC/DataMem_reg[64][0][0]    |                  |               13 |             32 |
| ~clk_BUFG             | mySCPU/myPC/DataMem_reg[215][0][0]   |                  |                9 |             32 |
| ~clk_BUFG             | mySCPU/myPC/DataMem_reg[207][0][0]   |                  |               12 |             32 |
| ~clk_BUFG             | mySCPU/myPC/DataMem_reg[199][0][0]   |                  |               16 |             32 |
| ~clk_BUFG             | mySCPU/myPC/DataMem_reg[103][0][0]   |                  |               13 |             32 |
| ~clk_BUFG             | mySCPU/myPC/DataMem_reg[239][0][0]   |                  |               16 |             32 |
| ~clk_BUFG             | mySCPU/myPC/DataMem_reg[190][7]_0[0] |                  |               18 |             32 |
| ~clk_BUFG             | mySCPU/myPC/DataMem_reg[192][0]_0[0] |                  |               13 |             32 |
| ~clk_BUFG             | mySCPU/myPC/DataMem_reg[231][0][0]   |                  |               13 |             32 |
| ~clk_BUFG             | mySCPU/myPC/DataMem_reg[80][0][0]    |                  |               16 |             32 |
| ~clk_BUFG             | mySCPU/myPC/DataMem_reg[166][7]_0[0] |                  |               14 |             32 |
| ~clk_BUFG             | mySCPU/myPC/DataMem_reg[227][0][0]   |                  |                9 |             32 |
|  mainClk_IBUF_BUFG    |                                      | myClkDiv/clear   |                8 |             32 |
| ~clk_BUFG             | mySCPU/myPC/RegWre                   |                  |               12 |             96 |
+-----------------------+--------------------------------------+------------------+------------------+----------------+


+--------+-----------------------+
| Fanout | Number of ControlSets |
+--------+-----------------------+
| 1      |                     1 |
| 2      |                     1 |
| 7      |                     1 |
| 8      |                    48 |
| 16+    |                    78 |
+--------+-----------------------+


